Determining if the Q_WS_WIN exist failed with the following output:
Change Dir: /home/handiko/gr-oot-archive/gr-display/build/CMakeFiles/CMakeTmp

Run Build Command:"/usr/bin/make" "cmTC_c0def/fast"
/usr/bin/make -f CMakeFiles/cmTC_c0def.dir/build.make CMakeFiles/cmTC_c0def.dir/build
make[1]: Entering directory '/home/handiko/gr-oot-archive/gr-display/build/CMakeFiles/CMakeTmp'
Building CXX object CMakeFiles/cmTC_c0def.dir/CheckSymbolExists.cxx.o
/usr/bin/c++   -I/usr/include/qt4   -o CMakeFiles/cmTC_c0def.dir/CheckSymbolExists.cxx.o -c /home/handiko/gr-oot-archive/gr-display/build/CMakeFiles/CMakeTmp/CheckSymbolExists.cxx
/home/handiko/gr-oot-archive/gr-display/build/CMakeFiles/CMakeTmp/CheckSymbolExists.cxx: In function ‘int main(int, char**)’:
/home/handiko/gr-oot-archive/gr-display/build/CMakeFiles/CMakeTmp/CheckSymbolExists.cxx:8:19: error: ‘Q_WS_WIN’ was not declared in this scope
   return ((int*)(&Q_WS_WIN))[argc];
                   ^~~~~~~~
/home/handiko/gr-oot-archive/gr-display/build/CMakeFiles/CMakeTmp/CheckSymbolExists.cxx:8:19: note: suggested alternative: ‘Q_WS_X11’
   return ((int*)(&Q_WS_WIN))[argc];
                   ^~~~~~~~
                   Q_WS_X11
CMakeFiles/cmTC_c0def.dir/build.make:65: recipe for target 'CMakeFiles/cmTC_c0def.dir/CheckSymbolExists.cxx.o' failed
make[1]: *** [CMakeFiles/cmTC_c0def.dir/CheckSymbolExists.cxx.o] Error 1
make[1]: Leaving directory '/home/handiko/gr-oot-archive/gr-display/build/CMakeFiles/CMakeTmp'
Makefile:126: recipe for target 'cmTC_c0def/fast' failed
make: *** [cmTC_c0def/fast] Error 2

File /home/handiko/gr-oot-archive/gr-display/build/CMakeFiles/CMakeTmp/CheckSymbolExists.cxx:
/* */
#include <QtCore/qglobal.h>

int main(int argc, char** argv)
{
  (void)argv;
#ifndef Q_WS_WIN
  return ((int*)(&Q_WS_WIN))[argc];
#else
  (void)argc;
  return 0;
#endif
}

Determining if the Q_WS_QWS exist failed with the following output:
Change Dir: /home/handiko/gr-oot-archive/gr-display/build/CMakeFiles/CMakeTmp

Run Build Command:"/usr/bin/make" "cmTC_bcb58/fast"
/usr/bin/make -f CMakeFiles/cmTC_bcb58.dir/build.make CMakeFiles/cmTC_bcb58.dir/build
make[1]: Entering directory '/home/handiko/gr-oot-archive/gr-display/build/CMakeFiles/CMakeTmp'
Building CXX object CMakeFiles/cmTC_bcb58.dir/CheckSymbolExists.cxx.o
/usr/bin/c++   -I/usr/include/qt4   -o CMakeFiles/cmTC_bcb58.dir/CheckSymbolExists.cxx.o -c /home/handiko/gr-oot-archive/gr-display/build/CMakeFiles/CMakeTmp/CheckSymbolExists.cxx
/home/handiko/gr-oot-archive/gr-display/build/CMakeFiles/CMakeTmp/CheckSymbolExists.cxx: In function ‘int main(int, char**)’:
/home/handiko/gr-oot-archive/gr-display/build/CMakeFiles/CMakeTmp/CheckSymbolExists.cxx:8:19: error: ‘Q_WS_QWS’ was not declared in this scope
   return ((int*)(&Q_WS_QWS))[argc];
                   ^~~~~~~~
/home/handiko/gr-oot-archive/gr-display/build/CMakeFiles/CMakeTmp/CheckSymbolExists.cxx:8:19: note: suggested alternative: ‘Q_WS_X11’
   return ((int*)(&Q_WS_QWS))[argc];
                   ^~~~~~~~
                   Q_WS_X11
CMakeFiles/cmTC_bcb58.dir/build.make:65: recipe for target 'CMakeFiles/cmTC_bcb58.dir/CheckSymbolExists.cxx.o' failed
make[1]: *** [CMakeFiles/cmTC_bcb58.dir/CheckSymbolExists.cxx.o] Error 1
make[1]: Leaving directory '/home/handiko/gr-oot-archive/gr-display/build/CMakeFiles/CMakeTmp'
Makefile:126: recipe for target 'cmTC_bcb58/fast' failed
make: *** [cmTC_bcb58/fast] Error 2

File /home/handiko/gr-oot-archive/gr-display/build/CMakeFiles/CMakeTmp/CheckSymbolExists.cxx:
/* */
#include <QtCore/qglobal.h>

int main(int argc, char** argv)
{
  (void)argv;
#ifndef Q_WS_QWS
  return ((int*)(&Q_WS_QWS))[argc];
#else
  (void)argc;
  return 0;
#endif
}

Determining if the Q_WS_MAC exist failed with the following output:
Change Dir: /home/handiko/gr-oot-archive/gr-display/build/CMakeFiles/CMakeTmp

Run Build Command:"/usr/bin/make" "cmTC_7d9ac/fast"
/usr/bin/make -f CMakeFiles/cmTC_7d9ac.dir/build.make CMakeFiles/cmTC_7d9ac.dir/build
make[1]: Entering directory '/home/handiko/gr-oot-archive/gr-display/build/CMakeFiles/CMakeTmp'
Building CXX object CMakeFiles/cmTC_7d9ac.dir/CheckSymbolExists.cxx.o
/usr/bin/c++   -I/usr/include/qt4   -o CMakeFiles/cmTC_7d9ac.dir/CheckSymbolExists.cxx.o -c /home/handiko/gr-oot-archive/gr-display/build/CMakeFiles/CMakeTmp/CheckSymbolExists.cxx
/home/handiko/gr-oot-archive/gr-display/build/CMakeFiles/CMakeTmp/CheckSymbolExists.cxx: In function ‘int main(int, char**)’:
/home/handiko/gr-oot-archive/gr-display/build/CMakeFiles/CMakeTmp/CheckSymbolExists.cxx:8:19: error: ‘Q_WS_MAC’ was not declared in this scope
   return ((int*)(&Q_WS_MAC))[argc];
                   ^~~~~~~~
/home/handiko/gr-oot-archive/gr-display/build/CMakeFiles/CMakeTmp/CheckSymbolExists.cxx:8:19: note: suggested alternative: ‘Q_WS_X11’
   return ((int*)(&Q_WS_MAC))[argc];
                   ^~~~~~~~
                   Q_WS_X11
CMakeFiles/cmTC_7d9ac.dir/build.make:65: recipe for target 'CMakeFiles/cmTC_7d9ac.dir/CheckSymbolExists.cxx.o' failed
make[1]: *** [CMakeFiles/cmTC_7d9ac.dir/CheckSymbolExists.cxx.o] Error 1
make[1]: Leaving directory '/home/handiko/gr-oot-archive/gr-display/build/CMakeFiles/CMakeTmp'
Makefile:126: recipe for target 'cmTC_7d9ac/fast' failed
make: *** [cmTC_7d9ac/fast] Error 2

File /home/handiko/gr-oot-archive/gr-display/build/CMakeFiles/CMakeTmp/CheckSymbolExists.cxx:
/* */
#include <QtCore/qglobal.h>

int main(int argc, char** argv)
{
  (void)argv;
#ifndef Q_WS_MAC
  return ((int*)(&Q_WS_MAC))[argc];
#else
  (void)argc;
  return 0;
#endif
}

